The system is: Linux - 4.0.6-1-ARCH - x86_64
Compiling the C compiler identification source file "CMakeCCompilerId.c" succeeded.
Compiler: /usr/bin/cc 
Build flags: 
Id flags: 

The output was:
0


Compilation of the C compiler identification source "CMakeCCompilerId.c" produced "a.out"

The C compiler identification is GNU, found in "/home/blettere/Projets/DepthMaps/build/CMakeFiles/3.2.3/CompilerIdC/a.out"

Compiling the CXX compiler identification source file "CMakeCXXCompilerId.cpp" succeeded.
Compiler: /usr/bin/c++ 
Build flags: 
Id flags: 

The output was:
0


Compilation of the CXX compiler identification source "CMakeCXXCompilerId.cpp" produced "a.out"

The CXX compiler identification is GNU, found in "/home/blettere/Projets/DepthMaps/build/CMakeFiles/3.2.3/CompilerIdCXX/a.out"

Determining if the C compiler works passed with the following output:
Change Dir: /home/blettere/Projets/DepthMaps/build/CMakeFiles/CMakeTmp

Run Build Command:"/usr/bin/make" "cmTryCompileExec4128979809/fast"
/usr/bin/make -f CMakeFiles/cmTryCompileExec4128979809.dir/build.make CMakeFiles/cmTryCompileExec4128979809.dir/build
make[1] : on entre dans le répertoire « /home/blettere/Projets/DepthMaps/build/CMakeFiles/CMakeTmp »
/usr/bin/cmake -E cmake_progress_report /home/blettere/Projets/DepthMaps/build/CMakeFiles/CMakeTmp/CMakeFiles 1
Building C object CMakeFiles/cmTryCompileExec4128979809.dir/testCCompiler.c.o
/usr/bin/cc    -o CMakeFiles/cmTryCompileExec4128979809.dir/testCCompiler.c.o   -c /home/blettere/Projets/DepthMaps/build/CMakeFiles/CMakeTmp/testCCompiler.c
Linking C executable cmTryCompileExec4128979809
/usr/bin/cmake -E cmake_link_script CMakeFiles/cmTryCompileExec4128979809.dir/link.txt --verbose=1
/usr/bin/cc       CMakeFiles/cmTryCompileExec4128979809.dir/testCCompiler.c.o  -o cmTryCompileExec4128979809 -rdynamic 
make[1] : on quitte le répertoire « /home/blettere/Projets/DepthMaps/build/CMakeFiles/CMakeTmp »


Detecting C compiler ABI info compiled with the following output:
Change Dir: /home/blettere/Projets/DepthMaps/build/CMakeFiles/CMakeTmp

Run Build Command:"/usr/bin/make" "cmTryCompileExec1348810513/fast"
/usr/bin/make -f CMakeFiles/cmTryCompileExec1348810513.dir/build.make CMakeFiles/cmTryCompileExec1348810513.dir/build
make[1] : on entre dans le répertoire « /home/blettere/Projets/DepthMaps/build/CMakeFiles/CMakeTmp »
/usr/bin/cmake -E cmake_progress_report /home/blettere/Projets/DepthMaps/build/CMakeFiles/CMakeTmp/CMakeFiles 1
Building C object CMakeFiles/cmTryCompileExec1348810513.dir/CMakeCCompilerABI.c.o
/usr/bin/cc    -o CMakeFiles/cmTryCompileExec1348810513.dir/CMakeCCompilerABI.c.o   -c /usr/share/cmake-3.2/Modules/CMakeCCompilerABI.c
Linking C executable cmTryCompileExec1348810513
/usr/bin/cmake -E cmake_link_script CMakeFiles/cmTryCompileExec1348810513.dir/link.txt --verbose=1
/usr/bin/cc      -v CMakeFiles/cmTryCompileExec1348810513.dir/CMakeCCompilerABI.c.o  -o cmTryCompileExec1348810513 -rdynamic  
Utilisation des specs internes.
COLLECT_GCC=/usr/bin/cc
COLLECT_LTO_WRAPPER=/usr/lib/gcc/x86_64-unknown-linux-gnu/5.1.0/lto-wrapper
Cible : x86_64-unknown-linux-gnu
Configuré avec: /build/gcc/src/gcc-5-20150519/configure --prefix=/usr --libdir=/usr/lib --libexecdir=/usr/lib --mandir=/usr/share/man --infodir=/usr/share/info --with-bugurl=https://bugs.archlinux.org/ --enable-languages=c,c++,ada,fortran,go,lto,objc,obj-c++ --enable-shared --enable-threads=posix --enable-libmpx --with-system-zlib --with-isl --enable-__cxa_atexit --disable-libunwind-exceptions --enable-clocale=gnu --disable-libstdcxx-pch --disable-libssp --enable-gnu-unique-object --enable-linker-build-id --enable-lto --enable-plugin --enable-install-libiberty --with-linker-hash-style=gnu --enable-gnu-indirect-function --disable-multilib --disable-werror --enable-checking=release --with-default-libstdcxx-abi=c++98
Modèle de thread: posix
gcc version 5.1.0 (GCC) 
COMPILER_PATH=/usr/lib/gcc/x86_64-unknown-linux-gnu/5.1.0/:/usr/lib/gcc/x86_64-unknown-linux-gnu/5.1.0/:/usr/lib/gcc/x86_64-unknown-linux-gnu/:/usr/lib/gcc/x86_64-unknown-linux-gnu/5.1.0/:/usr/lib/gcc/x86_64-unknown-linux-gnu/
LIBRARY_PATH=/usr/lib/gcc/x86_64-unknown-linux-gnu/5.1.0/:/usr/lib/gcc/x86_64-unknown-linux-gnu/5.1.0/../../../../lib/:/lib/../lib/:/usr/lib/../lib/:/usr/lib/gcc/x86_64-unknown-linux-gnu/5.1.0/../../../:/lib/:/usr/lib/
COLLECT_GCC_OPTIONS='-v' '-o' 'cmTryCompileExec1348810513' '-rdynamic' '-mtune=generic' '-march=x86-64'
 /usr/lib/gcc/x86_64-unknown-linux-gnu/5.1.0/collect2 -plugin /usr/lib/gcc/x86_64-unknown-linux-gnu/5.1.0/liblto_plugin.so -plugin-opt=/usr/lib/gcc/x86_64-unknown-linux-gnu/5.1.0/lto-wrapper -plugin-opt=-fresolution=/tmp/ccCn3i4d.res -plugin-opt=-pass-through=-lgcc -plugin-opt=-pass-through=-lgcc_s -plugin-opt=-pass-through=-lc -plugin-opt=-pass-through=-lgcc -plugin-opt=-pass-through=-lgcc_s --build-id --eh-frame-hdr --hash-style=gnu -m elf_x86_64 -export-dynamic -dynamic-linker /lib64/ld-linux-x86-64.so.2 -o cmTryCompileExec1348810513 /usr/lib/gcc/x86_64-unknown-linux-gnu/5.1.0/../../../../lib/crt1.o /usr/lib/gcc/x86_64-unknown-linux-gnu/5.1.0/../../../../lib/crti.o /usr/lib/gcc/x86_64-unknown-linux-gnu/5.1.0/crtbegin.o -L/usr/lib/gcc/x86_64-unknown-linux-gnu/5.1.0 -L/usr/lib/gcc/x86_64-unknown-linux-gnu/5.1.0/../../../../lib -L/lib/../lib -L/usr/lib/../lib -L/usr/lib/gcc/x86_64-unknown-linux-gnu/5.1.0/../../.. CMakeFiles/cmTryCompileExec1348810513.dir/CMakeCCompilerABI.c.o -lgcc --as-needed -lgcc_s --no-as-needed -lc -lgcc --as-needed -lgcc_s --no-as-needed /usr/lib/gcc/x86_64-unknown-linux-gnu/5.1.0/crtend.o /usr/lib/gcc/x86_64-unknown-linux-gnu/5.1.0/../../../../lib/crtn.o
make[1] : on quitte le répertoire « /home/blettere/Projets/DepthMaps/build/CMakeFiles/CMakeTmp »


Parsed C implicit link information from above output:
  link line regex: [^( *|.*[/\])(ld|([^/\]+-)?ld|collect2)[^/\]*( |$)]
  ignore line: [Change Dir: /home/blettere/Projets/DepthMaps/build/CMakeFiles/CMakeTmp]
  ignore line: []
  ignore line: [Run Build Command:"/usr/bin/make" "cmTryCompileExec1348810513/fast"]
  ignore line: [/usr/bin/make -f CMakeFiles/cmTryCompileExec1348810513.dir/build.make CMakeFiles/cmTryCompileExec1348810513.dir/build]
  ignore line: [make[1] : on entre dans le répertoire « /home/blettere/Projets/DepthMaps/build/CMakeFiles/CMakeTmp »]
  ignore line: [/usr/bin/cmake -E cmake_progress_report /home/blettere/Projets/DepthMaps/build/CMakeFiles/CMakeTmp/CMakeFiles 1]
  ignore line: [Building C object CMakeFiles/cmTryCompileExec1348810513.dir/CMakeCCompilerABI.c.o]
  ignore line: [/usr/bin/cc    -o CMakeFiles/cmTryCompileExec1348810513.dir/CMakeCCompilerABI.c.o   -c /usr/share/cmake-3.2/Modules/CMakeCCompilerABI.c]
  ignore line: [Linking C executable cmTryCompileExec1348810513]
  ignore line: [/usr/bin/cmake -E cmake_link_script CMakeFiles/cmTryCompileExec1348810513.dir/link.txt --verbose=1]
  ignore line: [/usr/bin/cc      -v CMakeFiles/cmTryCompileExec1348810513.dir/CMakeCCompilerABI.c.o  -o cmTryCompileExec1348810513 -rdynamic  ]
  ignore line: [Utilisation des specs internes.]
  ignore line: [COLLECT_GCC=/usr/bin/cc]
  ignore line: [COLLECT_LTO_WRAPPER=/usr/lib/gcc/x86_64-unknown-linux-gnu/5.1.0/lto-wrapper]
  ignore line: [Cible : x86_64-unknown-linux-gnu]
  ignore line: [Configuré avec: /build/gcc/src/gcc-5-20150519/configure --prefix=/usr --libdir=/usr/lib --libexecdir=/usr/lib --mandir=/usr/share/man --infodir=/usr/share/info --with-bugurl=https://bugs.archlinux.org/ --enable-languages=c,c++,ada,fortran,go,lto,objc,obj-c++ --enable-shared --enable-threads=posix --enable-libmpx --with-system-zlib --with-isl --enable-__cxa_atexit --disable-libunwind-exceptions --enable-clocale=gnu --disable-libstdcxx-pch --disable-libssp --enable-gnu-unique-object --enable-linker-build-id --enable-lto --enable-plugin --enable-install-libiberty --with-linker-hash-style=gnu --enable-gnu-indirect-function --disable-multilib --disable-werror --enable-checking=release --with-default-libstdcxx-abi=c++98]
  ignore line: [Modèle de thread: posix]
  ignore line: [gcc version 5.1.0 (GCC) ]
  ignore line: [COMPILER_PATH=/usr/lib/gcc/x86_64-unknown-linux-gnu/5.1.0/:/usr/lib/gcc/x86_64-unknown-linux-gnu/5.1.0/:/usr/lib/gcc/x86_64-unknown-linux-gnu/:/usr/lib/gcc/x86_64-unknown-linux-gnu/5.1.0/:/usr/lib/gcc/x86_64-unknown-linux-gnu/]
  ignore line: [LIBRARY_PATH=/usr/lib/gcc/x86_64-unknown-linux-gnu/5.1.0/:/usr/lib/gcc/x86_64-unknown-linux-gnu/5.1.0/../../../../lib/:/lib/../lib/:/usr/lib/../lib/:/usr/lib/gcc/x86_64-unknown-linux-gnu/5.1.0/../../../:/lib/:/usr/lib/]
  ignore line: [COLLECT_GCC_OPTIONS='-v' '-o' 'cmTryCompileExec1348810513' '-rdynamic' '-mtune=generic' '-march=x86-64']
  link line: [ /usr/lib/gcc/x86_64-unknown-linux-gnu/5.1.0/collect2 -plugin /usr/lib/gcc/x86_64-unknown-linux-gnu/5.1.0/liblto_plugin.so -plugin-opt=/usr/lib/gcc/x86_64-unknown-linux-gnu/5.1.0/lto-wrapper -plugin-opt=-fresolution=/tmp/ccCn3i4d.res -plugin-opt=-pass-through=-lgcc -plugin-opt=-pass-through=-lgcc_s -plugin-opt=-pass-through=-lc -plugin-opt=-pass-through=-lgcc -plugin-opt=-pass-through=-lgcc_s --build-id --eh-frame-hdr --hash-style=gnu -m elf_x86_64 -export-dynamic -dynamic-linker /lib64/ld-linux-x86-64.so.2 -o cmTryCompileExec1348810513 /usr/lib/gcc/x86_64-unknown-linux-gnu/5.1.0/../../../../lib/crt1.o /usr/lib/gcc/x86_64-unknown-linux-gnu/5.1.0/../../../../lib/crti.o /usr/lib/gcc/x86_64-unknown-linux-gnu/5.1.0/crtbegin.o -L/usr/lib/gcc/x86_64-unknown-linux-gnu/5.1.0 -L/usr/lib/gcc/x86_64-unknown-linux-gnu/5.1.0/../../../../lib -L/lib/../lib -L/usr/lib/../lib -L/usr/lib/gcc/x86_64-unknown-linux-gnu/5.1.0/../../.. CMakeFiles/cmTryCompileExec1348810513.dir/CMakeCCompilerABI.c.o -lgcc --as-needed -lgcc_s --no-as-needed -lc -lgcc --as-needed -lgcc_s --no-as-needed /usr/lib/gcc/x86_64-unknown-linux-gnu/5.1.0/crtend.o /usr/lib/gcc/x86_64-unknown-linux-gnu/5.1.0/../../../../lib/crtn.o]
    arg [/usr/lib/gcc/x86_64-unknown-linux-gnu/5.1.0/collect2] ==> ignore
    arg [-plugin] ==> ignore
    arg [/usr/lib/gcc/x86_64-unknown-linux-gnu/5.1.0/liblto_plugin.so] ==> ignore
    arg [-plugin-opt=/usr/lib/gcc/x86_64-unknown-linux-gnu/5.1.0/lto-wrapper] ==> ignore
    arg [-plugin-opt=-fresolution=/tmp/ccCn3i4d.res] ==> ignore
    arg [-plugin-opt=-pass-through=-lgcc] ==> ignore
    arg [-plugin-opt=-pass-through=-lgcc_s] ==> ignore
    arg [-plugin-opt=-pass-through=-lc] ==> ignore
    arg [-plugin-opt=-pass-through=-lgcc] ==> ignore
    arg [-plugin-opt=-pass-through=-lgcc_s] ==> ignore
    arg [--build-id] ==> ignore
    arg [--eh-frame-hdr] ==> ignore
    arg [--hash-style=gnu] ==> ignore
    arg [-m] ==> ignore
    arg [elf_x86_64] ==> ignore
    arg [-export-dynamic] ==> ignore
    arg [-dynamic-linker] ==> ignore
    arg [/lib64/ld-linux-x86-64.so.2] ==> ignore
    arg [-o] ==> ignore
    arg [cmTryCompileExec1348810513] ==> ignore
    arg [/usr/lib/gcc/x86_64-unknown-linux-gnu/5.1.0/../../../../lib/crt1.o] ==> ignore
    arg [/usr/lib/gcc/x86_64-unknown-linux-gnu/5.1.0/../../../../lib/crti.o] ==> ignore
    arg [/usr/lib/gcc/x86_64-unknown-linux-gnu/5.1.0/crtbegin.o] ==> ignore
    arg [-L/usr/lib/gcc/x86_64-unknown-linux-gnu/5.1.0] ==> dir [/usr/lib/gcc/x86_64-unknown-linux-gnu/5.1.0]
    arg [-L/usr/lib/gcc/x86_64-unknown-linux-gnu/5.1.0/../../../../lib] ==> dir [/usr/lib/gcc/x86_64-unknown-linux-gnu/5.1.0/../../../../lib]
    arg [-L/lib/../lib] ==> dir [/lib/../lib]
    arg [-L/usr/lib/../lib] ==> dir [/usr/lib/../lib]
    arg [-L/usr/lib/gcc/x86_64-unknown-linux-gnu/5.1.0/../../..] ==> dir [/usr/lib/gcc/x86_64-unknown-linux-gnu/5.1.0/../../..]
    arg [CMakeFiles/cmTryCompileExec1348810513.dir/CMakeCCompilerABI.c.o] ==> ignore
    arg [-lgcc] ==> lib [gcc]
    arg [--as-needed] ==> ignore
    arg [-lgcc_s] ==> lib [gcc_s]
    arg [--no-as-needed] ==> ignore
    arg [-lc] ==> lib [c]
    arg [-lgcc] ==> lib [gcc]
    arg [--as-needed] ==> ignore
    arg [-lgcc_s] ==> lib [gcc_s]
    arg [--no-as-needed] ==> ignore
    arg [/usr/lib/gcc/x86_64-unknown-linux-gnu/5.1.0/crtend.o] ==> ignore
    arg [/usr/lib/gcc/x86_64-unknown-linux-gnu/5.1.0/../../../../lib/crtn.o] ==> ignore
  remove lib [gcc]
  remove lib [gcc_s]
  remove lib [gcc]
  remove lib [gcc_s]
  collapse library dir [/usr/lib/gcc/x86_64-unknown-linux-gnu/5.1.0] ==> [/usr/lib/gcc/x86_64-unknown-linux-gnu/5.1.0]
  collapse library dir [/usr/lib/gcc/x86_64-unknown-linux-gnu/5.1.0/../../../../lib] ==> [/usr/lib]
  collapse library dir [/lib/../lib] ==> [/lib]
  collapse library dir [/usr/lib/../lib] ==> [/usr/lib]
  collapse library dir [/usr/lib/gcc/x86_64-unknown-linux-gnu/5.1.0/../../..] ==> [/usr/lib]
  implicit libs: [c]
  implicit dirs: [/usr/lib/gcc/x86_64-unknown-linux-gnu/5.1.0;/usr/lib;/lib]
  implicit fwks: []




Detecting C [-std=c11] compiler features compiled with the following output:
Change Dir: /home/blettere/Projets/DepthMaps/build/CMakeFiles/CMakeTmp

Run Build Command:"/usr/bin/make" "cmTryCompileExec62426530/fast"
/usr/bin/make -f CMakeFiles/cmTryCompileExec62426530.dir/build.make CMakeFiles/cmTryCompileExec62426530.dir/build
make[1] : on entre dans le répertoire « /home/blettere/Projets/DepthMaps/build/CMakeFiles/CMakeTmp »
/usr/bin/cmake -E cmake_progress_report /home/blettere/Projets/DepthMaps/build/CMakeFiles/CMakeTmp/CMakeFiles 1
Building C object CMakeFiles/cmTryCompileExec62426530.dir/feature_tests.c.o
/usr/bin/cc   -std=c11 -o CMakeFiles/cmTryCompileExec62426530.dir/feature_tests.c.o   -c /home/blettere/Projets/DepthMaps/build/CMakeFiles/feature_tests.c
Linking C executable cmTryCompileExec62426530
/usr/bin/cmake -E cmake_link_script CMakeFiles/cmTryCompileExec62426530.dir/link.txt --verbose=1
/usr/bin/cc       CMakeFiles/cmTryCompileExec62426530.dir/feature_tests.c.o  -o cmTryCompileExec62426530 -rdynamic 
make[1] : on quitte le répertoire « /home/blettere/Projets/DepthMaps/build/CMakeFiles/CMakeTmp »


    Feature record: C_FEATURE:1c_function_prototypes
    Feature record: C_FEATURE:1c_restrict
    Feature record: C_FEATURE:1c_static_assert
    Feature record: C_FEATURE:1c_variadic_macros


Detecting C [-std=c99] compiler features compiled with the following output:
Change Dir: /home/blettere/Projets/DepthMaps/build/CMakeFiles/CMakeTmp

Run Build Command:"/usr/bin/make" "cmTryCompileExec1018914987/fast"
/usr/bin/make -f CMakeFiles/cmTryCompileExec1018914987.dir/build.make CMakeFiles/cmTryCompileExec1018914987.dir/build
make[1] : on entre dans le répertoire « /home/blettere/Projets/DepthMaps/build/CMakeFiles/CMakeTmp »
/usr/bin/cmake -E cmake_progress_report /home/blettere/Projets/DepthMaps/build/CMakeFiles/CMakeTmp/CMakeFiles 1
Building C object CMakeFiles/cmTryCompileExec1018914987.dir/feature_tests.c.o
/usr/bin/cc   -std=c99 -o CMakeFiles/cmTryCompileExec1018914987.dir/feature_tests.c.o   -c /home/blettere/Projets/DepthMaps/build/CMakeFiles/feature_tests.c
Linking C executable cmTryCompileExec1018914987
/usr/bin/cmake -E cmake_link_script CMakeFiles/cmTryCompileExec1018914987.dir/link.txt --verbose=1
/usr/bin/cc       CMakeFiles/cmTryCompileExec1018914987.dir/feature_tests.c.o  -o cmTryCompileExec1018914987 -rdynamic 
make[1] : on quitte le répertoire « /home/blettere/Projets/DepthMaps/build/CMakeFiles/CMakeTmp »


    Feature record: C_FEATURE:1c_function_prototypes
    Feature record: C_FEATURE:1c_restrict
    Feature record: C_FEATURE:0c_static_assert
    Feature record: C_FEATURE:1c_variadic_macros


Detecting C [-std=c90] compiler features compiled with the following output:
Change Dir: /home/blettere/Projets/DepthMaps/build/CMakeFiles/CMakeTmp

Run Build Command:"/usr/bin/make" "cmTryCompileExec2999890125/fast"
/usr/bin/make -f CMakeFiles/cmTryCompileExec2999890125.dir/build.make CMakeFiles/cmTryCompileExec2999890125.dir/build
make[1] : on entre dans le répertoire « /home/blettere/Projets/DepthMaps/build/CMakeFiles/CMakeTmp »
/usr/bin/cmake -E cmake_progress_report /home/blettere/Projets/DepthMaps/build/CMakeFiles/CMakeTmp/CMakeFiles 1
Building C object CMakeFiles/cmTryCompileExec2999890125.dir/feature_tests.c.o
/usr/bin/cc   -std=c90 -o CMakeFiles/cmTryCompileExec2999890125.dir/feature_tests.c.o   -c /home/blettere/Projets/DepthMaps/build/CMakeFiles/feature_tests.c
Linking C executable cmTryCompileExec2999890125
/usr/bin/cmake -E cmake_link_script CMakeFiles/cmTryCompileExec2999890125.dir/link.txt --verbose=1
/usr/bin/cc       CMakeFiles/cmTryCompileExec2999890125.dir/feature_tests.c.o  -o cmTryCompileExec2999890125 -rdynamic 
make[1] : on quitte le répertoire « /home/blettere/Projets/DepthMaps/build/CMakeFiles/CMakeTmp »


    Feature record: C_FEATURE:1c_function_prototypes
    Feature record: C_FEATURE:0c_restrict
    Feature record: C_FEATURE:0c_static_assert
    Feature record: C_FEATURE:0c_variadic_macros
Determining if the CXX compiler works passed with the following output:
Change Dir: /home/blettere/Projets/DepthMaps/build/CMakeFiles/CMakeTmp

Run Build Command:"/usr/bin/make" "cmTryCompileExec3936847770/fast"
/usr/bin/make -f CMakeFiles/cmTryCompileExec3936847770.dir/build.make CMakeFiles/cmTryCompileExec3936847770.dir/build
make[1] : on entre dans le répertoire « /home/blettere/Projets/DepthMaps/build/CMakeFiles/CMakeTmp »
/usr/bin/cmake -E cmake_progress_report /home/blettere/Projets/DepthMaps/build/CMakeFiles/CMakeTmp/CMakeFiles 1
Building CXX object CMakeFiles/cmTryCompileExec3936847770.dir/testCXXCompiler.cxx.o
/usr/bin/c++     -o CMakeFiles/cmTryCompileExec3936847770.dir/testCXXCompiler.cxx.o -c /home/blettere/Projets/DepthMaps/build/CMakeFiles/CMakeTmp/testCXXCompiler.cxx
Linking CXX executable cmTryCompileExec3936847770
/usr/bin/cmake -E cmake_link_script CMakeFiles/cmTryCompileExec3936847770.dir/link.txt --verbose=1
/usr/bin/c++        CMakeFiles/cmTryCompileExec3936847770.dir/testCXXCompiler.cxx.o  -o cmTryCompileExec3936847770 -rdynamic 
make[1] : on quitte le répertoire « /home/blettere/Projets/DepthMaps/build/CMakeFiles/CMakeTmp »


Detecting CXX compiler ABI info compiled with the following output:
Change Dir: /home/blettere/Projets/DepthMaps/build/CMakeFiles/CMakeTmp

Run Build Command:"/usr/bin/make" "cmTryCompileExec4185584980/fast"
/usr/bin/make -f CMakeFiles/cmTryCompileExec4185584980.dir/build.make CMakeFiles/cmTryCompileExec4185584980.dir/build
make[1] : on entre dans le répertoire « /home/blettere/Projets/DepthMaps/build/CMakeFiles/CMakeTmp »
/usr/bin/cmake -E cmake_progress_report /home/blettere/Projets/DepthMaps/build/CMakeFiles/CMakeTmp/CMakeFiles 1
Building CXX object CMakeFiles/cmTryCompileExec4185584980.dir/CMakeCXXCompilerABI.cpp.o
/usr/bin/c++     -o CMakeFiles/cmTryCompileExec4185584980.dir/CMakeCXXCompilerABI.cpp.o -c /usr/share/cmake-3.2/Modules/CMakeCXXCompilerABI.cpp
Linking CXX executable cmTryCompileExec4185584980
/usr/bin/cmake -E cmake_link_script CMakeFiles/cmTryCompileExec4185584980.dir/link.txt --verbose=1
/usr/bin/c++       -v CMakeFiles/cmTryCompileExec4185584980.dir/CMakeCXXCompilerABI.cpp.o  -o cmTryCompileExec4185584980 -rdynamic  
Utilisation des specs internes.
COLLECT_GCC=/usr/bin/c++
COLLECT_LTO_WRAPPER=/usr/lib/gcc/x86_64-unknown-linux-gnu/5.1.0/lto-wrapper
Cible : x86_64-unknown-linux-gnu
Configuré avec: /build/gcc/src/gcc-5-20150519/configure --prefix=/usr --libdir=/usr/lib --libexecdir=/usr/lib --mandir=/usr/share/man --infodir=/usr/share/info --with-bugurl=https://bugs.archlinux.org/ --enable-languages=c,c++,ada,fortran,go,lto,objc,obj-c++ --enable-shared --enable-threads=posix --enable-libmpx --with-system-zlib --with-isl --enable-__cxa_atexit --disable-libunwind-exceptions --enable-clocale=gnu --disable-libstdcxx-pch --disable-libssp --enable-gnu-unique-object --enable-linker-build-id --enable-lto --enable-plugin --enable-install-libiberty --with-linker-hash-style=gnu --enable-gnu-indirect-function --disable-multilib --disable-werror --enable-checking=release --with-default-libstdcxx-abi=c++98
Modèle de thread: posix
gcc version 5.1.0 (GCC) 
COMPILER_PATH=/usr/lib/gcc/x86_64-unknown-linux-gnu/5.1.0/:/usr/lib/gcc/x86_64-unknown-linux-gnu/5.1.0/:/usr/lib/gcc/x86_64-unknown-linux-gnu/:/usr/lib/gcc/x86_64-unknown-linux-gnu/5.1.0/:/usr/lib/gcc/x86_64-unknown-linux-gnu/
LIBRARY_PATH=/usr/lib/gcc/x86_64-unknown-linux-gnu/5.1.0/:/usr/lib/gcc/x86_64-unknown-linux-gnu/5.1.0/../../../../lib/:/lib/../lib/:/usr/lib/../lib/:/usr/lib/gcc/x86_64-unknown-linux-gnu/5.1.0/../../../:/lib/:/usr/lib/
COLLECT_GCC_OPTIONS='-v' '-o' 'cmTryCompileExec4185584980' '-rdynamic' '-shared-libgcc' '-mtune=generic' '-march=x86-64'
 /usr/lib/gcc/x86_64-unknown-linux-gnu/5.1.0/collect2 -plugin /usr/lib/gcc/x86_64-unknown-linux-gnu/5.1.0/liblto_plugin.so -plugin-opt=/usr/lib/gcc/x86_64-unknown-linux-gnu/5.1.0/lto-wrapper -plugin-opt=-fresolution=/tmp/ccEFbePp.res -plugin-opt=-pass-through=-lgcc_s -plugin-opt=-pass-through=-lgcc -plugin-opt=-pass-through=-lc -plugin-opt=-pass-through=-lgcc_s -plugin-opt=-pass-through=-lgcc --build-id --eh-frame-hdr --hash-style=gnu -m elf_x86_64 -export-dynamic -dynamic-linker /lib64/ld-linux-x86-64.so.2 -o cmTryCompileExec4185584980 /usr/lib/gcc/x86_64-unknown-linux-gnu/5.1.0/../../../../lib/crt1.o /usr/lib/gcc/x86_64-unknown-linux-gnu/5.1.0/../../../../lib/crti.o /usr/lib/gcc/x86_64-unknown-linux-gnu/5.1.0/crtbegin.o -L/usr/lib/gcc/x86_64-unknown-linux-gnu/5.1.0 -L/usr/lib/gcc/x86_64-unknown-linux-gnu/5.1.0/../../../../lib -L/lib/../lib -L/usr/lib/../lib -L/usr/lib/gcc/x86_64-unknown-linux-gnu/5.1.0/../../.. CMakeFiles/cmTryCompileExec4185584980.dir/CMakeCXXCompilerABI.cpp.o -lstdc++ -lm -lgcc_s -lgcc -lc -lgcc_s -lgcc /usr/lib/gcc/x86_64-unknown-linux-gnu/5.1.0/crtend.o /usr/lib/gcc/x86_64-unknown-linux-gnu/5.1.0/../../../../lib/crtn.o
make[1] : on quitte le répertoire « /home/blettere/Projets/DepthMaps/build/CMakeFiles/CMakeTmp »


Parsed CXX implicit link information from above output:
  link line regex: [^( *|.*[/\])(ld|([^/\]+-)?ld|collect2)[^/\]*( |$)]
  ignore line: [Change Dir: /home/blettere/Projets/DepthMaps/build/CMakeFiles/CMakeTmp]
  ignore line: []
  ignore line: [Run Build Command:"/usr/bin/make" "cmTryCompileExec4185584980/fast"]
  ignore line: [/usr/bin/make -f CMakeFiles/cmTryCompileExec4185584980.dir/build.make CMakeFiles/cmTryCompileExec4185584980.dir/build]
  ignore line: [make[1] : on entre dans le répertoire « /home/blettere/Projets/DepthMaps/build/CMakeFiles/CMakeTmp »]
  ignore line: [/usr/bin/cmake -E cmake_progress_report /home/blettere/Projets/DepthMaps/build/CMakeFiles/CMakeTmp/CMakeFiles 1]
  ignore line: [Building CXX object CMakeFiles/cmTryCompileExec4185584980.dir/CMakeCXXCompilerABI.cpp.o]
  ignore line: [/usr/bin/c++     -o CMakeFiles/cmTryCompileExec4185584980.dir/CMakeCXXCompilerABI.cpp.o -c /usr/share/cmake-3.2/Modules/CMakeCXXCompilerABI.cpp]
  ignore line: [Linking CXX executable cmTryCompileExec4185584980]
  ignore line: [/usr/bin/cmake -E cmake_link_script CMakeFiles/cmTryCompileExec4185584980.dir/link.txt --verbose=1]
  ignore line: [/usr/bin/c++       -v CMakeFiles/cmTryCompileExec4185584980.dir/CMakeCXXCompilerABI.cpp.o  -o cmTryCompileExec4185584980 -rdynamic  ]
  ignore line: [Utilisation des specs internes.]
  ignore line: [COLLECT_GCC=/usr/bin/c++]
  ignore line: [COLLECT_LTO_WRAPPER=/usr/lib/gcc/x86_64-unknown-linux-gnu/5.1.0/lto-wrapper]
  ignore line: [Cible : x86_64-unknown-linux-gnu]
  ignore line: [Configuré avec: /build/gcc/src/gcc-5-20150519/configure --prefix=/usr --libdir=/usr/lib --libexecdir=/usr/lib --mandir=/usr/share/man --infodir=/usr/share/info --with-bugurl=https://bugs.archlinux.org/ --enable-languages=c,c++,ada,fortran,go,lto,objc,obj-c++ --enable-shared --enable-threads=posix --enable-libmpx --with-system-zlib --with-isl --enable-__cxa_atexit --disable-libunwind-exceptions --enable-clocale=gnu --disable-libstdcxx-pch --disable-libssp --enable-gnu-unique-object --enable-linker-build-id --enable-lto --enable-plugin --enable-install-libiberty --with-linker-hash-style=gnu --enable-gnu-indirect-function --disable-multilib --disable-werror --enable-checking=release --with-default-libstdcxx-abi=c++98]
  ignore line: [Modèle de thread: posix]
  ignore line: [gcc version 5.1.0 (GCC) ]
  ignore line: [COMPILER_PATH=/usr/lib/gcc/x86_64-unknown-linux-gnu/5.1.0/:/usr/lib/gcc/x86_64-unknown-linux-gnu/5.1.0/:/usr/lib/gcc/x86_64-unknown-linux-gnu/:/usr/lib/gcc/x86_64-unknown-linux-gnu/5.1.0/:/usr/lib/gcc/x86_64-unknown-linux-gnu/]
  ignore line: [LIBRARY_PATH=/usr/lib/gcc/x86_64-unknown-linux-gnu/5.1.0/:/usr/lib/gcc/x86_64-unknown-linux-gnu/5.1.0/../../../../lib/:/lib/../lib/:/usr/lib/../lib/:/usr/lib/gcc/x86_64-unknown-linux-gnu/5.1.0/../../../:/lib/:/usr/lib/]
  ignore line: [COLLECT_GCC_OPTIONS='-v' '-o' 'cmTryCompileExec4185584980' '-rdynamic' '-shared-libgcc' '-mtune=generic' '-march=x86-64']
  link line: [ /usr/lib/gcc/x86_64-unknown-linux-gnu/5.1.0/collect2 -plugin /usr/lib/gcc/x86_64-unknown-linux-gnu/5.1.0/liblto_plugin.so -plugin-opt=/usr/lib/gcc/x86_64-unknown-linux-gnu/5.1.0/lto-wrapper -plugin-opt=-fresolution=/tmp/ccEFbePp.res -plugin-opt=-pass-through=-lgcc_s -plugin-opt=-pass-through=-lgcc -plugin-opt=-pass-through=-lc -plugin-opt=-pass-through=-lgcc_s -plugin-opt=-pass-through=-lgcc --build-id --eh-frame-hdr --hash-style=gnu -m elf_x86_64 -export-dynamic -dynamic-linker /lib64/ld-linux-x86-64.so.2 -o cmTryCompileExec4185584980 /usr/lib/gcc/x86_64-unknown-linux-gnu/5.1.0/../../../../lib/crt1.o /usr/lib/gcc/x86_64-unknown-linux-gnu/5.1.0/../../../../lib/crti.o /usr/lib/gcc/x86_64-unknown-linux-gnu/5.1.0/crtbegin.o -L/usr/lib/gcc/x86_64-unknown-linux-gnu/5.1.0 -L/usr/lib/gcc/x86_64-unknown-linux-gnu/5.1.0/../../../../lib -L/lib/../lib -L/usr/lib/../lib -L/usr/lib/gcc/x86_64-unknown-linux-gnu/5.1.0/../../.. CMakeFiles/cmTryCompileExec4185584980.dir/CMakeCXXCompilerABI.cpp.o -lstdc++ -lm -lgcc_s -lgcc -lc -lgcc_s -lgcc /usr/lib/gcc/x86_64-unknown-linux-gnu/5.1.0/crtend.o /usr/lib/gcc/x86_64-unknown-linux-gnu/5.1.0/../../../../lib/crtn.o]
    arg [/usr/lib/gcc/x86_64-unknown-linux-gnu/5.1.0/collect2] ==> ignore
    arg [-plugin] ==> ignore
    arg [/usr/lib/gcc/x86_64-unknown-linux-gnu/5.1.0/liblto_plugin.so] ==> ignore
    arg [-plugin-opt=/usr/lib/gcc/x86_64-unknown-linux-gnu/5.1.0/lto-wrapper] ==> ignore
    arg [-plugin-opt=-fresolution=/tmp/ccEFbePp.res] ==> ignore
    arg [-plugin-opt=-pass-through=-lgcc_s] ==> ignore
    arg [-plugin-opt=-pass-through=-lgcc] ==> ignore
    arg [-plugin-opt=-pass-through=-lc] ==> ignore
    arg [-plugin-opt=-pass-through=-lgcc_s] ==> ignore
    arg [-plugin-opt=-pass-through=-lgcc] ==> ignore
    arg [--build-id] ==> ignore
    arg [--eh-frame-hdr] ==> ignore
    arg [--hash-style=gnu] ==> ignore
    arg [-m] ==> ignore
    arg [elf_x86_64] ==> ignore
    arg [-export-dynamic] ==> ignore
    arg [-dynamic-linker] ==> ignore
    arg [/lib64/ld-linux-x86-64.so.2] ==> ignore
    arg [-o] ==> ignore
    arg [cmTryCompileExec4185584980] ==> ignore
    arg [/usr/lib/gcc/x86_64-unknown-linux-gnu/5.1.0/../../../../lib/crt1.o] ==> ignore
    arg [/usr/lib/gcc/x86_64-unknown-linux-gnu/5.1.0/../../../../lib/crti.o] ==> ignore
    arg [/usr/lib/gcc/x86_64-unknown-linux-gnu/5.1.0/crtbegin.o] ==> ignore
    arg [-L/usr/lib/gcc/x86_64-unknown-linux-gnu/5.1.0] ==> dir [/usr/lib/gcc/x86_64-unknown-linux-gnu/5.1.0]
    arg [-L/usr/lib/gcc/x86_64-unknown-linux-gnu/5.1.0/../../../../lib] ==> dir [/usr/lib/gcc/x86_64-unknown-linux-gnu/5.1.0/../../../../lib]
    arg [-L/lib/../lib] ==> dir [/lib/../lib]
    arg [-L/usr/lib/../lib] ==> dir [/usr/lib/../lib]
    arg [-L/usr/lib/gcc/x86_64-unknown-linux-gnu/5.1.0/../../..] ==> dir [/usr/lib/gcc/x86_64-unknown-linux-gnu/5.1.0/../../..]
    arg [CMakeFiles/cmTryCompileExec4185584980.dir/CMakeCXXCompilerABI.cpp.o] ==> ignore
    arg [-lstdc++] ==> lib [stdc++]
    arg [-lm] ==> lib [m]
    arg [-lgcc_s] ==> lib [gcc_s]
    arg [-lgcc] ==> lib [gcc]
    arg [-lc] ==> lib [c]
    arg [-lgcc_s] ==> lib [gcc_s]
    arg [-lgcc] ==> lib [gcc]
    arg [/usr/lib/gcc/x86_64-unknown-linux-gnu/5.1.0/crtend.o] ==> ignore
    arg [/usr/lib/gcc/x86_64-unknown-linux-gnu/5.1.0/../../../../lib/crtn.o] ==> ignore
  remove lib [gcc_s]
  remove lib [gcc]
  remove lib [gcc_s]
  remove lib [gcc]
  collapse library dir [/usr/lib/gcc/x86_64-unknown-linux-gnu/5.1.0] ==> [/usr/lib/gcc/x86_64-unknown-linux-gnu/5.1.0]
  collapse library dir [/usr/lib/gcc/x86_64-unknown-linux-gnu/5.1.0/../../../../lib] ==> [/usr/lib]
  collapse library dir [/lib/../lib] ==> [/lib]
  collapse library dir [/usr/lib/../lib] ==> [/usr/lib]
  collapse library dir [/usr/lib/gcc/x86_64-unknown-linux-gnu/5.1.0/../../..] ==> [/usr/lib]
  implicit libs: [stdc++;m;c]
  implicit dirs: [/usr/lib/gcc/x86_64-unknown-linux-gnu/5.1.0;/usr/lib;/lib]
  implicit fwks: []




Detecting CXX [-std=c++14] compiler features compiled with the following output:
Change Dir: /home/blettere/Projets/DepthMaps/build/CMakeFiles/CMakeTmp

Run Build Command:"/usr/bin/make" "cmTryCompileExec512365185/fast"
/usr/bin/make -f CMakeFiles/cmTryCompileExec512365185.dir/build.make CMakeFiles/cmTryCompileExec512365185.dir/build
make[1] : on entre dans le répertoire « /home/blettere/Projets/DepthMaps/build/CMakeFiles/CMakeTmp »
/usr/bin/cmake -E cmake_progress_report /home/blettere/Projets/DepthMaps/build/CMakeFiles/CMakeTmp/CMakeFiles 1
Building CXX object CMakeFiles/cmTryCompileExec512365185.dir/feature_tests.cxx.o
/usr/bin/c++    -std=c++14 -o CMakeFiles/cmTryCompileExec512365185.dir/feature_tests.cxx.o -c /home/blettere/Projets/DepthMaps/build/CMakeFiles/feature_tests.cxx
Linking CXX executable cmTryCompileExec512365185
/usr/bin/cmake -E cmake_link_script CMakeFiles/cmTryCompileExec512365185.dir/link.txt --verbose=1
/usr/bin/c++        CMakeFiles/cmTryCompileExec512365185.dir/feature_tests.cxx.o  -o cmTryCompileExec512365185 -rdynamic 
make[1] : on quitte le répertoire « /home/blettere/Projets/DepthMaps/build/CMakeFiles/CMakeTmp »


    Feature record: CXX_FEATURE:1cxx_aggregate_default_initializers
    Feature record: CXX_FEATURE:1cxx_alias_templates
    Feature record: CXX_FEATURE:1cxx_alignas
    Feature record: CXX_FEATURE:1cxx_alignof
    Feature record: CXX_FEATURE:1cxx_attributes
    Feature record: CXX_FEATURE:1cxx_attribute_deprecated
    Feature record: CXX_FEATURE:1cxx_auto_type
    Feature record: CXX_FEATURE:1cxx_binary_literals
    Feature record: CXX_FEATURE:1cxx_constexpr
    Feature record: CXX_FEATURE:1cxx_contextual_conversions
    Feature record: CXX_FEATURE:1cxx_decltype
    Feature record: CXX_FEATURE:1cxx_decltype_auto
    Feature record: CXX_FEATURE:1cxx_decltype_incomplete_return_types
    Feature record: CXX_FEATURE:1cxx_default_function_template_args
    Feature record: CXX_FEATURE:1cxx_defaulted_functions
    Feature record: CXX_FEATURE:1cxx_defaulted_move_initializers
    Feature record: CXX_FEATURE:1cxx_delegating_constructors
    Feature record: CXX_FEATURE:1cxx_deleted_functions
    Feature record: CXX_FEATURE:1cxx_digit_separators
    Feature record: CXX_FEATURE:1cxx_enum_forward_declarations
    Feature record: CXX_FEATURE:1cxx_explicit_conversions
    Feature record: CXX_FEATURE:1cxx_extended_friend_declarations
    Feature record: CXX_FEATURE:1cxx_extern_templates
    Feature record: CXX_FEATURE:1cxx_final
    Feature record: CXX_FEATURE:1cxx_func_identifier
    Feature record: CXX_FEATURE:1cxx_generalized_initializers
    Feature record: CXX_FEATURE:1cxx_generic_lambdas
    Feature record: CXX_FEATURE:1cxx_inheriting_constructors
    Feature record: CXX_FEATURE:1cxx_inline_namespaces
    Feature record: CXX_FEATURE:1cxx_lambdas
    Feature record: CXX_FEATURE:1cxx_lambda_init_captures
    Feature record: CXX_FEATURE:1cxx_local_type_template_args
    Feature record: CXX_FEATURE:1cxx_long_long_type
    Feature record: CXX_FEATURE:1cxx_noexcept
    Feature record: CXX_FEATURE:1cxx_nonstatic_member_init
    Feature record: CXX_FEATURE:1cxx_nullptr
    Feature record: CXX_FEATURE:1cxx_override
    Feature record: CXX_FEATURE:1cxx_range_for
    Feature record: CXX_FEATURE:1cxx_raw_string_literals
    Feature record: CXX_FEATURE:1cxx_reference_qualified_functions
    Feature record: CXX_FEATURE:1cxx_relaxed_constexpr
    Feature record: CXX_FEATURE:1cxx_return_type_deduction
    Feature record: CXX_FEATURE:1cxx_right_angle_brackets
    Feature record: CXX_FEATURE:1cxx_rvalue_references
    Feature record: CXX_FEATURE:1cxx_sizeof_member
    Feature record: CXX_FEATURE:1cxx_static_assert
    Feature record: CXX_FEATURE:1cxx_strong_enums
    Feature record: CXX_FEATURE:1cxx_template_template_parameters
    Feature record: CXX_FEATURE:1cxx_thread_local
    Feature record: CXX_FEATURE:1cxx_trailing_return_types
    Feature record: CXX_FEATURE:1cxx_unicode_literals
    Feature record: CXX_FEATURE:1cxx_uniform_initialization
    Feature record: CXX_FEATURE:1cxx_unrestricted_unions
    Feature record: CXX_FEATURE:1cxx_user_literals
    Feature record: CXX_FEATURE:1cxx_variable_templates
    Feature record: CXX_FEATURE:1cxx_variadic_macros
    Feature record: CXX_FEATURE:1cxx_variadic_templates


Detecting CXX [-std=c++11] compiler features compiled with the following output:
Change Dir: /home/blettere/Projets/DepthMaps/build/CMakeFiles/CMakeTmp

Run Build Command:"/usr/bin/make" "cmTryCompileExec1027962534/fast"
/usr/bin/make -f CMakeFiles/cmTryCompileExec1027962534.dir/build.make CMakeFiles/cmTryCompileExec1027962534.dir/build
make[1] : on entre dans le répertoire « /home/blettere/Projets/DepthMaps/build/CMakeFiles/CMakeTmp »
/usr/bin/cmake -E cmake_progress_report /home/blettere/Projets/DepthMaps/build/CMakeFiles/CMakeTmp/CMakeFiles 1
Building CXX object CMakeFiles/cmTryCompileExec1027962534.dir/feature_tests.cxx.o
/usr/bin/c++    -std=c++11 -o CMakeFiles/cmTryCompileExec1027962534.dir/feature_tests.cxx.o -c /home/blettere/Projets/DepthMaps/build/CMakeFiles/feature_tests.cxx
Linking CXX executable cmTryCompileExec1027962534
/usr/bin/cmake -E cmake_link_script CMakeFiles/cmTryCompileExec1027962534.dir/link.txt --verbose=1
/usr/bin/c++        CMakeFiles/cmTryCompileExec1027962534.dir/feature_tests.cxx.o  -o cmTryCompileExec1027962534 -rdynamic 
make[1] : on quitte le répertoire « /home/blettere/Projets/DepthMaps/build/CMakeFiles/CMakeTmp »


    Feature record: CXX_FEATURE:0cxx_aggregate_default_initializers
    Feature record: CXX_FEATURE:1cxx_alias_templates
    Feature record: CXX_FEATURE:1cxx_alignas
    Feature record: CXX_FEATURE:1cxx_alignof
    Feature record: CXX_FEATURE:1cxx_attributes
    Feature record: CXX_FEATURE:0cxx_attribute_deprecated
    Feature record: CXX_FEATURE:1cxx_auto_type
    Feature record: CXX_FEATURE:0cxx_binary_literals
    Feature record: CXX_FEATURE:1cxx_constexpr
    Feature record: CXX_FEATURE:0cxx_contextual_conversions
    Feature record: CXX_FEATURE:1cxx_decltype
    Feature record: CXX_FEATURE:0cxx_decltype_auto
    Feature record: CXX_FEATURE:1cxx_decltype_incomplete_return_types
    Feature record: CXX_FEATURE:1cxx_default_function_template_args
    Feature record: CXX_FEATURE:1cxx_defaulted_functions
    Feature record: CXX_FEATURE:1cxx_defaulted_move_initializers
    Feature record: CXX_FEATURE:1cxx_delegating_constructors
    Feature record: CXX_FEATURE:1cxx_deleted_functions
    Feature record: CXX_FEATURE:0cxx_digit_separators
    Feature record: CXX_FEATURE:1cxx_enum_forward_declarations
    Feature record: CXX_FEATURE:1cxx_explicit_conversions
    Feature record: CXX_FEATURE:1cxx_extended_friend_declarations
    Feature record: CXX_FEATURE:1cxx_extern_templates
    Feature record: CXX_FEATURE:1cxx_final
    Feature record: CXX_FEATURE:1cxx_func_identifier
    Feature record: CXX_FEATURE:1cxx_generalized_initializers
    Feature record: CXX_FEATURE:0cxx_generic_lambdas
    Feature record: CXX_FEATURE:1cxx_inheriting_constructors
    Feature record: CXX_FEATURE:1cxx_inline_namespaces
    Feature record: CXX_FEATURE:1cxx_lambdas
    Feature record: CXX_FEATURE:0cxx_lambda_init_captures
    Feature record: CXX_FEATURE:1cxx_local_type_template_args
    Feature record: CXX_FEATURE:1cxx_long_long_type
    Feature record: CXX_FEATURE:1cxx_noexcept
    Feature record: CXX_FEATURE:1cxx_nonstatic_member_init
    Feature record: CXX_FEATURE:1cxx_nullptr
    Feature record: CXX_FEATURE:1cxx_override
    Feature record: CXX_FEATURE:1cxx_range_for
    Feature record: CXX_FEATURE:1cxx_raw_string_literals
    Feature record: CXX_FEATURE:1cxx_reference_qualified_functions
    Feature record: CXX_FEATURE:0cxx_relaxed_constexpr
    Feature record: CXX_FEATURE:0cxx_return_type_deduction
    Feature record: CXX_FEATURE:1cxx_right_angle_brackets
    Feature record: CXX_FEATURE:1cxx_rvalue_references
    Feature record: CXX_FEATURE:1cxx_sizeof_member
    Feature record: CXX_FEATURE:1cxx_static_assert
    Feature record: CXX_FEATURE:1cxx_strong_enums
    Feature record: CXX_FEATURE:1cxx_template_template_parameters
    Feature record: CXX_FEATURE:1cxx_thread_local
    Feature record: CXX_FEATURE:1cxx_trailing_return_types
    Feature record: CXX_FEATURE:1cxx_unicode_literals
    Feature record: CXX_FEATURE:1cxx_uniform_initialization
    Feature record: CXX_FEATURE:1cxx_unrestricted_unions
    Feature record: CXX_FEATURE:1cxx_user_literals
    Feature record: CXX_FEATURE:0cxx_variable_templates
    Feature record: CXX_FEATURE:1cxx_variadic_macros
    Feature record: CXX_FEATURE:1cxx_variadic_templates


Detecting CXX [-std=c++98] compiler features compiled with the following output:
Change Dir: /home/blettere/Projets/DepthMaps/build/CMakeFiles/CMakeTmp

Run Build Command:"/usr/bin/make" "cmTryCompileExec1308223869/fast"
/usr/bin/make -f CMakeFiles/cmTryCompileExec1308223869.dir/build.make CMakeFiles/cmTryCompileExec1308223869.dir/build
make[1] : on entre dans le répertoire « /home/blettere/Projets/DepthMaps/build/CMakeFiles/CMakeTmp »
/usr/bin/cmake -E cmake_progress_report /home/blettere/Projets/DepthMaps/build/CMakeFiles/CMakeTmp/CMakeFiles 1
Building CXX object CMakeFiles/cmTryCompileExec1308223869.dir/feature_tests.cxx.o
/usr/bin/c++    -std=c++98 -o CMakeFiles/cmTryCompileExec1308223869.dir/feature_tests.cxx.o -c /home/blettere/Projets/DepthMaps/build/CMakeFiles/feature_tests.cxx
Linking CXX executable cmTryCompileExec1308223869
/usr/bin/cmake -E cmake_link_script CMakeFiles/cmTryCompileExec1308223869.dir/link.txt --verbose=1
/usr/bin/c++        CMakeFiles/cmTryCompileExec1308223869.dir/feature_tests.cxx.o  -o cmTryCompileExec1308223869 -rdynamic 
make[1] : on quitte le répertoire « /home/blettere/Projets/DepthMaps/build/CMakeFiles/CMakeTmp »


    Feature record: CXX_FEATURE:0cxx_aggregate_default_initializers
    Feature record: CXX_FEATURE:0cxx_alias_templates
    Feature record: CXX_FEATURE:0cxx_alignas
    Feature record: CXX_FEATURE:0cxx_alignof
    Feature record: CXX_FEATURE:0cxx_attributes
    Feature record: CXX_FEATURE:0cxx_attribute_deprecated
    Feature record: CXX_FEATURE:0cxx_auto_type
    Feature record: CXX_FEATURE:0cxx_binary_literals
    Feature record: CXX_FEATURE:0cxx_constexpr
    Feature record: CXX_FEATURE:0cxx_contextual_conversions
    Feature record: CXX_FEATURE:0cxx_decltype
    Feature record: CXX_FEATURE:0cxx_decltype_auto
    Feature record: CXX_FEATURE:0cxx_decltype_incomplete_return_types
    Feature record: CXX_FEATURE:0cxx_default_function_template_args
    Feature record: CXX_FEATURE:0cxx_defaulted_functions
    Feature record: CXX_FEATURE:0cxx_defaulted_move_initializers
    Feature record: CXX_FEATURE:0cxx_delegating_constructors
    Feature record: CXX_FEATURE:0cxx_deleted_functions
    Feature record: CXX_FEATURE:0cxx_digit_separators
    Feature record: CXX_FEATURE:0cxx_enum_forward_declarations
    Feature record: CXX_FEATURE:0cxx_explicit_conversions
    Feature record: CXX_FEATURE:0cxx_extended_friend_declarations
    Feature record: CXX_FEATURE:0cxx_extern_templates
    Feature record: CXX_FEATURE:0cxx_final
    Feature record: CXX_FEATURE:0cxx_func_identifier
    Feature record: CXX_FEATURE:0cxx_generalized_initializers
    Feature record: CXX_FEATURE:0cxx_generic_lambdas
    Feature record: CXX_FEATURE:0cxx_inheriting_constructors
    Feature record: CXX_FEATURE:0cxx_inline_namespaces
    Feature record: CXX_FEATURE:0cxx_lambdas
    Feature record: CXX_FEATURE:0cxx_lambda_init_captures
    Feature record: CXX_FEATURE:0cxx_local_type_template_args
    Feature record: CXX_FEATURE:0cxx_long_long_type
    Feature record: CXX_FEATURE:0cxx_noexcept
    Feature record: CXX_FEATURE:0cxx_nonstatic_member_init
    Feature record: CXX_FEATURE:0cxx_nullptr
    Feature record: CXX_FEATURE:0cxx_override
    Feature record: CXX_FEATURE:0cxx_range_for
    Feature record: CXX_FEATURE:0cxx_raw_string_literals
    Feature record: CXX_FEATURE:0cxx_reference_qualified_functions
    Feature record: CXX_FEATURE:0cxx_relaxed_constexpr
    Feature record: CXX_FEATURE:0cxx_return_type_deduction
    Feature record: CXX_FEATURE:0cxx_right_angle_brackets
    Feature record: CXX_FEATURE:0cxx_rvalue_references
    Feature record: CXX_FEATURE:0cxx_sizeof_member
    Feature record: CXX_FEATURE:0cxx_static_assert
    Feature record: CXX_FEATURE:0cxx_strong_enums
    Feature record: CXX_FEATURE:1cxx_template_template_parameters
    Feature record: CXX_FEATURE:0cxx_thread_local
    Feature record: CXX_FEATURE:0cxx_trailing_return_types
    Feature record: CXX_FEATURE:0cxx_unicode_literals
    Feature record: CXX_FEATURE:0cxx_uniform_initialization
    Feature record: CXX_FEATURE:0cxx_unrestricted_unions
    Feature record: CXX_FEATURE:0cxx_user_literals
    Feature record: CXX_FEATURE:0cxx_variable_templates
    Feature record: CXX_FEATURE:0cxx_variadic_macros
    Feature record: CXX_FEATURE:0cxx_variadic_templates
Determining if files pthread.h exist passed with the following output:
Change Dir: /home/blettere/Projets/DepthMaps/build/CMakeFiles/CMakeTmp

Run Build Command:"/usr/bin/make" "cmTryCompileExec4070996511/fast"
/usr/bin/make -f CMakeFiles/cmTryCompileExec4070996511.dir/build.make CMakeFiles/cmTryCompileExec4070996511.dir/build
make[1] : on entre dans le répertoire « /home/blettere/Projets/DepthMaps/build/CMakeFiles/CMakeTmp »
/usr/bin/cmake -E cmake_progress_report /home/blettere/Projets/DepthMaps/build/CMakeFiles/CMakeTmp/CMakeFiles 1
Building C object CMakeFiles/cmTryCompileExec4070996511.dir/CheckIncludeFiles.c.o
/usr/bin/cc    -o CMakeFiles/cmTryCompileExec4070996511.dir/CheckIncludeFiles.c.o   -c /home/blettere/Projets/DepthMaps/build/CMakeFiles/CMakeTmp/CheckIncludeFiles.c
Linking C executable cmTryCompileExec4070996511
/usr/bin/cmake -E cmake_link_script CMakeFiles/cmTryCompileExec4070996511.dir/link.txt --verbose=1
/usr/bin/cc       CMakeFiles/cmTryCompileExec4070996511.dir/CheckIncludeFiles.c.o  -o cmTryCompileExec4070996511 -rdynamic 
make[1] : on quitte le répertoire « /home/blettere/Projets/DepthMaps/build/CMakeFiles/CMakeTmp »


Determining if the function pthread_create exists in the pthread passed with the following output:
Change Dir: /home/blettere/Projets/DepthMaps/build/CMakeFiles/CMakeTmp

Run Build Command:"/usr/bin/make" "cmTryCompileExec3430540743/fast"
/usr/bin/make -f CMakeFiles/cmTryCompileExec3430540743.dir/build.make CMakeFiles/cmTryCompileExec3430540743.dir/build
make[1] : on entre dans le répertoire « /home/blettere/Projets/DepthMaps/build/CMakeFiles/CMakeTmp »
/usr/bin/cmake -E cmake_progress_report /home/blettere/Projets/DepthMaps/build/CMakeFiles/CMakeTmp/CMakeFiles 1
Building C object CMakeFiles/cmTryCompileExec3430540743.dir/CheckFunctionExists.c.o
/usr/bin/cc   -DCHECK_FUNCTION_EXISTS=pthread_create   -o CMakeFiles/cmTryCompileExec3430540743.dir/CheckFunctionExists.c.o   -c /usr/share/cmake-3.2/Modules/CheckFunctionExists.c
Linking C executable cmTryCompileExec3430540743
/usr/bin/cmake -E cmake_link_script CMakeFiles/cmTryCompileExec3430540743.dir/link.txt --verbose=1
/usr/bin/cc   -DCHECK_FUNCTION_EXISTS=pthread_create    CMakeFiles/cmTryCompileExec3430540743.dir/CheckFunctionExists.c.o  -o cmTryCompileExec3430540743 -rdynamic -lpthread 
make[1] : on quitte le répertoire « /home/blettere/Projets/DepthMaps/build/CMakeFiles/CMakeTmp »


Determining if the function XOpenDisplay exists in the /usr/lib64/libX11.so;/usr/lib64/libXext.so passed with the following output:
Change Dir: /home/blettere/Projets/DepthMaps/build/CMakeFiles/CMakeTmp

Run Build Command:"/usr/bin/make" "cmTryCompileExec3993216310/fast"
/usr/bin/make -f CMakeFiles/cmTryCompileExec3993216310.dir/build.make CMakeFiles/cmTryCompileExec3993216310.dir/build
make[1] : on entre dans le répertoire « /home/blettere/Projets/DepthMaps/build/CMakeFiles/CMakeTmp »
/usr/bin/cmake -E cmake_progress_report /home/blettere/Projets/DepthMaps/build/CMakeFiles/CMakeTmp/CMakeFiles 1
Building C object CMakeFiles/cmTryCompileExec3993216310.dir/CheckFunctionExists.c.o
/usr/bin/cc   -DCHECK_FUNCTION_EXISTS=XOpenDisplay   -o CMakeFiles/cmTryCompileExec3993216310.dir/CheckFunctionExists.c.o   -c /usr/share/cmake-3.2/Modules/CheckFunctionExists.c
Linking C executable cmTryCompileExec3993216310
/usr/bin/cmake -E cmake_link_script CMakeFiles/cmTryCompileExec3993216310.dir/link.txt --verbose=1
/usr/bin/cc   -DCHECK_FUNCTION_EXISTS=XOpenDisplay    CMakeFiles/cmTryCompileExec3993216310.dir/CheckFunctionExists.c.o  -o cmTryCompileExec3993216310 -rdynamic -lX11 -lXext 
make[1] : on quitte le répertoire « /home/blettere/Projets/DepthMaps/build/CMakeFiles/CMakeTmp »


Determining if the function gethostbyname exists passed with the following output:
Change Dir: /home/blettere/Projets/DepthMaps/build/CMakeFiles/CMakeTmp

Run Build Command:"/usr/bin/make" "cmTryCompileExec2153878381/fast"
/usr/bin/make -f CMakeFiles/cmTryCompileExec2153878381.dir/build.make CMakeFiles/cmTryCompileExec2153878381.dir/build
make[1] : on entre dans le répertoire « /home/blettere/Projets/DepthMaps/build/CMakeFiles/CMakeTmp »
/usr/bin/cmake -E cmake_progress_report /home/blettere/Projets/DepthMaps/build/CMakeFiles/CMakeTmp/CMakeFiles 1
Building C object CMakeFiles/cmTryCompileExec2153878381.dir/CheckFunctionExists.c.o
/usr/bin/cc   -DCHECK_FUNCTION_EXISTS=gethostbyname   -o CMakeFiles/cmTryCompileExec2153878381.dir/CheckFunctionExists.c.o   -c /usr/share/cmake-3.2/Modules/CheckFunctionExists.c
Linking C executable cmTryCompileExec2153878381
/usr/bin/cmake -E cmake_link_script CMakeFiles/cmTryCompileExec2153878381.dir/link.txt --verbose=1
/usr/bin/cc   -DCHECK_FUNCTION_EXISTS=gethostbyname    CMakeFiles/cmTryCompileExec2153878381.dir/CheckFunctionExists.c.o  -o cmTryCompileExec2153878381 -rdynamic 
make[1] : on quitte le répertoire « /home/blettere/Projets/DepthMaps/build/CMakeFiles/CMakeTmp »


Determining if the function connect exists passed with the following output:
Change Dir: /home/blettere/Projets/DepthMaps/build/CMakeFiles/CMakeTmp

Run Build Command:"/usr/bin/make" "cmTryCompileExec3548293884/fast"
/usr/bin/make -f CMakeFiles/cmTryCompileExec3548293884.dir/build.make CMakeFiles/cmTryCompileExec3548293884.dir/build
make[1] : on entre dans le répertoire « /home/blettere/Projets/DepthMaps/build/CMakeFiles/CMakeTmp »
/usr/bin/cmake -E cmake_progress_report /home/blettere/Projets/DepthMaps/build/CMakeFiles/CMakeTmp/CMakeFiles 1
Building C object CMakeFiles/cmTryCompileExec3548293884.dir/CheckFunctionExists.c.o
/usr/bin/cc   -DCHECK_FUNCTION_EXISTS=connect   -o CMakeFiles/cmTryCompileExec3548293884.dir/CheckFunctionExists.c.o   -c /usr/share/cmake-3.2/Modules/CheckFunctionExists.c
Linking C executable cmTryCompileExec3548293884
/usr/bin/cmake -E cmake_link_script CMakeFiles/cmTryCompileExec3548293884.dir/link.txt --verbose=1
/usr/bin/cc   -DCHECK_FUNCTION_EXISTS=connect    CMakeFiles/cmTryCompileExec3548293884.dir/CheckFunctionExists.c.o  -o cmTryCompileExec3548293884 -rdynamic 
make[1] : on quitte le répertoire « /home/blettere/Projets/DepthMaps/build/CMakeFiles/CMakeTmp »


Determining if the function remove exists passed with the following output:
Change Dir: /home/blettere/Projets/DepthMaps/build/CMakeFiles/CMakeTmp

Run Build Command:"/usr/bin/make" "cmTryCompileExec2691063300/fast"
/usr/bin/make -f CMakeFiles/cmTryCompileExec2691063300.dir/build.make CMakeFiles/cmTryCompileExec2691063300.dir/build
make[1] : on entre dans le répertoire « /home/blettere/Projets/DepthMaps/build/CMakeFiles/CMakeTmp »
/usr/bin/cmake -E cmake_progress_report /home/blettere/Projets/DepthMaps/build/CMakeFiles/CMakeTmp/CMakeFiles 1
Building C object CMakeFiles/cmTryCompileExec2691063300.dir/CheckFunctionExists.c.o
/usr/bin/cc   -DCHECK_FUNCTION_EXISTS=remove   -o CMakeFiles/cmTryCompileExec2691063300.dir/CheckFunctionExists.c.o   -c /usr/share/cmake-3.2/Modules/CheckFunctionExists.c
Linking C executable cmTryCompileExec2691063300
/usr/bin/cmake -E cmake_link_script CMakeFiles/cmTryCompileExec2691063300.dir/link.txt --verbose=1
/usr/bin/cc   -DCHECK_FUNCTION_EXISTS=remove    CMakeFiles/cmTryCompileExec2691063300.dir/CheckFunctionExists.c.o  -o cmTryCompileExec2691063300 -rdynamic 
make[1] : on quitte le répertoire « /home/blettere/Projets/DepthMaps/build/CMakeFiles/CMakeTmp »


Determining if the function shmat exists passed with the following output:
Change Dir: /home/blettere/Projets/DepthMaps/build/CMakeFiles/CMakeTmp

Run Build Command:"/usr/bin/make" "cmTryCompileExec3434557588/fast"
/usr/bin/make -f CMakeFiles/cmTryCompileExec3434557588.dir/build.make CMakeFiles/cmTryCompileExec3434557588.dir/build
make[1] : on entre dans le répertoire « /home/blettere/Projets/DepthMaps/build/CMakeFiles/CMakeTmp »
/usr/bin/cmake -E cmake_progress_report /home/blettere/Projets/DepthMaps/build/CMakeFiles/CMakeTmp/CMakeFiles 1
Building C object CMakeFiles/cmTryCompileExec3434557588.dir/CheckFunctionExists.c.o
/usr/bin/cc   -DCHECK_FUNCTION_EXISTS=shmat   -o CMakeFiles/cmTryCompileExec3434557588.dir/CheckFunctionExists.c.o   -c /usr/share/cmake-3.2/Modules/CheckFunctionExists.c
Linking C executable cmTryCompileExec3434557588
/usr/bin/cmake -E cmake_link_script CMakeFiles/cmTryCompileExec3434557588.dir/link.txt --verbose=1
/usr/bin/cc   -DCHECK_FUNCTION_EXISTS=shmat    CMakeFiles/cmTryCompileExec3434557588.dir/CheckFunctionExists.c.o  -o cmTryCompileExec3434557588 -rdynamic 
make[1] : on quitte le répertoire « /home/blettere/Projets/DepthMaps/build/CMakeFiles/CMakeTmp »


Determining if the function IceConnectionNumber exists in the ICE passed with the following output:
Change Dir: /home/blettere/Projets/DepthMaps/build/CMakeFiles/CMakeTmp

Run Build Command:"/usr/bin/make" "cmTryCompileExec1608121087/fast"
/usr/bin/make -f CMakeFiles/cmTryCompileExec1608121087.dir/build.make CMakeFiles/cmTryCompileExec1608121087.dir/build
make[1] : on entre dans le répertoire « /home/blettere/Projets/DepthMaps/build/CMakeFiles/CMakeTmp »
/usr/bin/cmake -E cmake_progress_report /home/blettere/Projets/DepthMaps/build/CMakeFiles/CMakeTmp/CMakeFiles 1
Building C object CMakeFiles/cmTryCompileExec1608121087.dir/CheckFunctionExists.c.o
/usr/bin/cc   -DCHECK_FUNCTION_EXISTS=IceConnectionNumber   -o CMakeFiles/cmTryCompileExec1608121087.dir/CheckFunctionExists.c.o   -c /usr/share/cmake-3.2/Modules/CheckFunctionExists.c
Linking C executable cmTryCompileExec1608121087
/usr/bin/cmake -E cmake_link_script CMakeFiles/cmTryCompileExec1608121087.dir/link.txt --verbose=1
/usr/bin/cc   -DCHECK_FUNCTION_EXISTS=IceConnectionNumber    CMakeFiles/cmTryCompileExec1608121087.dir/CheckFunctionExists.c.o  -o cmTryCompileExec1608121087 -rdynamic -lICE 
make[1] : on quitte le répertoire « /home/blettere/Projets/DepthMaps/build/CMakeFiles/CMakeTmp »


Determining if the function glXGetProcAddress exists passed with the following output:
Change Dir: /home/blettere/Projets/DepthMaps/build/CMakeFiles/CMakeTmp

Run Build Command:"/usr/bin/make" "cmTryCompileExec3155923011/fast"
/usr/bin/make -f CMakeFiles/cmTryCompileExec3155923011.dir/build.make CMakeFiles/cmTryCompileExec3155923011.dir/build
make[1] : on entre dans le répertoire « /home/blettere/Projets/DepthMaps/build/CMakeFiles/CMakeTmp »
/usr/bin/cmake -E cmake_progress_report /home/blettere/Projets/DepthMaps/build/CMakeFiles/CMakeTmp/CMakeFiles 1
Building C object CMakeFiles/cmTryCompileExec3155923011.dir/CheckFunctionExists.c.o
/usr/bin/cc   -DCHECK_FUNCTION_EXISTS=glXGetProcAddress   -o CMakeFiles/cmTryCompileExec3155923011.dir/CheckFunctionExists.c.o   -c /usr/share/cmake-3.2/Modules/CheckFunctionExists.c
Linking C executable cmTryCompileExec3155923011
/usr/bin/cmake -E cmake_link_script CMakeFiles/cmTryCompileExec3155923011.dir/link.txt --verbose=1
/usr/bin/cc   -DCHECK_FUNCTION_EXISTS=glXGetProcAddress    CMakeFiles/cmTryCompileExec3155923011.dir/CheckFunctionExists.c.o  -o cmTryCompileExec3155923011 -rdynamic -lGL 
make[1] : on quitte le répertoire « /home/blettere/Projets/DepthMaps/build/CMakeFiles/CMakeTmp »


Determining if the function glXGetProcAddressARB exists passed with the following output:
Change Dir: /home/blettere/Projets/DepthMaps/build/CMakeFiles/CMakeTmp

Run Build Command:"/usr/bin/make" "cmTryCompileExec3031995369/fast"
/usr/bin/make -f CMakeFiles/cmTryCompileExec3031995369.dir/build.make CMakeFiles/cmTryCompileExec3031995369.dir/build
make[1] : on entre dans le répertoire « /home/blettere/Projets/DepthMaps/build/CMakeFiles/CMakeTmp »
/usr/bin/cmake -E cmake_progress_report /home/blettere/Projets/DepthMaps/build/CMakeFiles/CMakeTmp/CMakeFiles 1
Building C object CMakeFiles/cmTryCompileExec3031995369.dir/CheckFunctionExists.c.o
/usr/bin/cc   -DCHECK_FUNCTION_EXISTS=glXGetProcAddressARB   -o CMakeFiles/cmTryCompileExec3031995369.dir/CheckFunctionExists.c.o   -c /usr/share/cmake-3.2/Modules/CheckFunctionExists.c
Linking C executable cmTryCompileExec3031995369
/usr/bin/cmake -E cmake_link_script CMakeFiles/cmTryCompileExec3031995369.dir/link.txt --verbose=1
/usr/bin/cc   -DCHECK_FUNCTION_EXISTS=glXGetProcAddressARB    CMakeFiles/cmTryCompileExec3031995369.dir/CheckFunctionExists.c.o  -o cmTryCompileExec3031995369 -rdynamic -lGL 
make[1] : on quitte le répertoire « /home/blettere/Projets/DepthMaps/build/CMakeFiles/CMakeTmp »


